1578505020702	mozrunner::runner	INFO	Running command: "/usr/bin/firefox" "-marionette" "-foreground" "-no-remote" "-profile" "/tmp/rust_mozprofilep2joPI"
Unable to init server: Could not connect: Connection refused
Error: cannot open display: :0
1578505121813	mozrunner::runner	INFO	Running command: "/usr/bin/firefox" "-marionette" "-foreground" "-no-remote" "-profile" "/tmp/rust_mozprofile3iy9n1"
Unable to init server: Could not connect: Connection refused
Error: cannot open display: :0
1578505192550	mozrunner::runner	INFO	Running command: "/usr/bin/firefox" "-marionette" "-foreground" "-no-remote" "-profile" "/tmp/rust_mozprofilek8Dz6l"
Unable to init server: Could not connect: Connection refused
Error: cannot open display: :0
1578505241067	mozrunner::runner	INFO	Running command: "/usr/bin/firefox" "-marionette" "-foreground" "-no-remote" "-profile" "/tmp/rust_mozprofilecrntX8"
1578505244086	addons.webextension.screenshots@mozilla.org	WARN	Loading extension 'screenshots@mozilla.org': Reading manifest: Invalid extension permission: mozillaAddons
1578505244087	addons.webextension.screenshots@mozilla.org	WARN	Loading extension 'screenshots@mozilla.org': Reading manifest: Invalid extension permission: telemetry
1578505244090	addons.webextension.screenshots@mozilla.org	WARN	Loading extension 'screenshots@mozilla.org': Reading manifest: Invalid extension permission: resource://pdf.js/
1578505244090	addons.webextension.screenshots@mozilla.org	WARN	Loading extension 'screenshots@mozilla.org': Reading manifest: Invalid extension permission: about:reader*

(firefox:99): LIBDBUSMENU-GLIB-WARNING **: 17:40:49.307: Unable to get session bus: Failed to execute child process “dbus-launch” (No such file or directory)
1578505254898	Marionette	INFO	Listening on port 38987
1578505255045	Marionette	WARN	TLS certificate errors will be ignored for this session
1578505256768	Marionette	INFO	Stopped listening on port 38987
1578505306253	mozrunner::runner	INFO	Running command: "/usr/bin/firefox" "-marionette" "-foreground" "-no-remote" "-profile" "/tmp/rust_mozprofilemuine1"
1578505308612	addons.webextension.screenshots@mozilla.org	WARN	Loading extension 'screenshots@mozilla.org': Reading manifest: Invalid extension permission: mozillaAddons
1578505308613	addons.webextension.screenshots@mozilla.org	WARN	Loading extension 'screenshots@mozilla.org': Reading manifest: Invalid extension permission: telemetry
1578505308615	addons.webextension.screenshots@mozilla.org	WARN	Loading extension 'screenshots@mozilla.org': Reading manifest: Invalid extension permission: resource://pdf.js/
1578505308616	addons.webextension.screenshots@mozilla.org	WARN	Loading extension 'screenshots@mozilla.org': Reading manifest: Invalid extension permission: about:reader*

(firefox:258): LIBDBUSMENU-GLIB-WARNING **: 17:41:52.967: Unable to get session bus: Failed to execute child process “dbus-launch” (No such file or directory)
1578505318584	Marionette	INFO	Listening on port 39313
1578505318734	Marionette	WARN	TLS certificate errors will be ignored for this session
1578505322756	Marionette	INFO	Stopped listening on port 39313
JavaScript error: resource://gre/modules/UrlClassifierListManager.jsm, line 680: TypeError: this.tablesData[table] is undefined
1578505544791	mozrunner::runner	INFO	Running command: "/usr/bin/firefox" "-marionette" "-foreground" "-no-remote" "-profile" "/tmp/rust_mozprofileswXcYb"
1578505547015	addons.webextension.screenshots@mozilla.org	WARN	Loading extension 'screenshots@mozilla.org': Reading manifest: Invalid extension permission: mozillaAddons
1578505547017	addons.webextension.screenshots@mozilla.org	WARN	Loading extension 'screenshots@mozilla.org': Reading manifest: Invalid extension permission: telemetry
1578505547018	addons.webextension.screenshots@mozilla.org	WARN	Loading extension 'screenshots@mozilla.org': Reading manifest: Invalid extension permission: resource://pdf.js/
1578505547018	addons.webextension.screenshots@mozilla.org	WARN	Loading extension 'screenshots@mozilla.org': Reading manifest: Invalid extension permission: about:reader*

(firefox:419): LIBDBUSMENU-GLIB-WARNING **: 17:45:51.554: Unable to get session bus: Failed to execute child process “dbus-launch” (No such file or directory)
1578505557208	Marionette	INFO	Listening on port 36427
1578505557363	Marionette	WARN	TLS certificate errors will be ignored for this session
1578505561654	Marionette	INFO	Stopped listening on port 36427
1578506948606	mozrunner::runner	INFO	Running command: "/usr/bin/firefox" "-marionette" "-foreground" "-no-remote" "-profile" "/tmp/rust_mozprofilevKuUDw"
1578506950881	addons.webextension.screenshots@mozilla.org	WARN	Loading extension 'screenshots@mozilla.org': Reading manifest: Invalid extension permission: mozillaAddons
1578506950882	addons.webextension.screenshots@mozilla.org	WARN	Loading extension 'screenshots@mozilla.org': Reading manifest: Invalid extension permission: telemetry
1578506950883	addons.webextension.screenshots@mozilla.org	WARN	Loading extension 'screenshots@mozilla.org': Reading manifest: Invalid extension permission: resource://pdf.js/
1578506950884	addons.webextension.screenshots@mozilla.org	WARN	Loading extension 'screenshots@mozilla.org': Reading manifest: Invalid extension permission: about:reader*

(firefox:580): LIBDBUSMENU-GLIB-WARNING **: 18:09:15.514: Unable to get session bus: Failed to execute child process “dbus-launch” (No such file or directory)
1578506960961	Marionette	INFO	Listening on port 36515
1578506961020	Marionette	WARN	TLS certificate errors will be ignored for this session
1578506964651	Marionette	INFO	Stopped listening on port 36515
1578507019188	mozrunner::runner	INFO	Running command: "/usr/bin/firefox" "-marionette" "-foreground" "-no-remote" "-profile" "/tmp/rust_mozprofilefppFjw"
1578507021551	addons.webextension.screenshots@mozilla.org	WARN	Loading extension 'screenshots@mozilla.org': Reading manifest: Invalid extension permission: mozillaAddons
1578507021552	addons.webextension.screenshots@mozilla.org	WARN	Loading extension 'screenshots@mozilla.org': Reading manifest: Invalid extension permission: telemetry
1578507021554	addons.webextension.screenshots@mozilla.org	WARN	Loading extension 'screenshots@mozilla.org': Reading manifest: Invalid extension permission: resource://pdf.js/
1578507021555	addons.webextension.screenshots@mozilla.org	WARN	Loading extension 'screenshots@mozilla.org': Reading manifest: Invalid extension permission: about:reader*

(firefox:741): LIBDBUSMENU-GLIB-WARNING **: 18:10:26.295: Unable to get session bus: Failed to execute child process “dbus-launch” (No such file or directory)
1578507031868	Marionette	INFO	Listening on port 46297
1578507031927	Marionette	WARN	TLS certificate errors will be ignored for this session
1578507035783	Marionette	INFO	Stopped listening on port 46297
1578507846682	mozrunner::runner	INFO	Running command: "/usr/bin/firefox" "-marionette" "-foreground" "-no-remote" "-profile" "/tmp/rust_mozprofileH0dX0Z"
1578507849007	addons.webextension.screenshots@mozilla.org	WARN	Loading extension 'screenshots@mozilla.org': Reading manifest: Invalid extension permission: mozillaAddons
1578507849009	addons.webextension.screenshots@mozilla.org	WARN	Loading extension 'screenshots@mozilla.org': Reading manifest: Invalid extension permission: telemetry
1578507849010	addons.webextension.screenshots@mozilla.org	WARN	Loading extension 'screenshots@mozilla.org': Reading manifest: Invalid extension permission: resource://pdf.js/
1578507849010	addons.webextension.screenshots@mozilla.org	WARN	Loading extension 'screenshots@mozilla.org': Reading manifest: Invalid extension permission: about:reader*

(firefox:896): LIBDBUSMENU-GLIB-WARNING **: 18:24:13.647: Unable to get session bus: Failed to execute child process “dbus-launch” (No such file or directory)
1578507858649	Marionette	INFO	Listening on port 33641
1578507858700	Marionette	WARN	TLS certificate errors will be ignored for this session
1578507862690	Marionette	INFO	Stopped listening on port 33641
1578507939323	mozrunner::runner	INFO	Running command: "/usr/bin/firefox" "-marionette" "-foreground" "-no-remote" "-profile" "/tmp/rust_mozprofileLid9GG"
1578507941840	addons.webextension.screenshots@mozilla.org	WARN	Loading extension 'screenshots@mozilla.org': Reading manifest: Invalid extension permission: mozillaAddons
1578507941841	addons.webextension.screenshots@mozilla.org	WARN	Loading extension 'screenshots@mozilla.org': Reading manifest: Invalid extension permission: telemetry
1578507941843	addons.webextension.screenshots@mozilla.org	WARN	Loading extension 'screenshots@mozilla.org': Reading manifest: Invalid extension permission: resource://pdf.js/
1578507941844	addons.webextension.screenshots@mozilla.org	WARN	Loading extension 'screenshots@mozilla.org': Reading manifest: Invalid extension permission: about:reader*

(firefox:1054): LIBDBUSMENU-GLIB-WARNING **: 18:25:47.443: Unable to get session bus: Failed to execute child process “dbus-launch” (No such file or directory)
1578507954804	Marionette	INFO	Listening on port 42847
1578507954883	Marionette	WARN	TLS certificate errors will be ignored for this session
1578507959674	Marionette	INFO	Stopped listening on port 42847
1578508007551	mozrunner::runner	INFO	Running command: "/usr/bin/firefox" "-marionette" "-foreground" "-no-remote" "-profile" "/tmp/rust_mozprofilepNjZmo"
1578508009772	addons.webextension.screenshots@mozilla.org	WARN	Loading extension 'screenshots@mozilla.org': Reading manifest: Invalid extension permission: mozillaAddons
1578508009773	addons.webextension.screenshots@mozilla.org	WARN	Loading extension 'screenshots@mozilla.org': Reading manifest: Invalid extension permission: telemetry
1578508009774	addons.webextension.screenshots@mozilla.org	WARN	Loading extension 'screenshots@mozilla.org': Reading manifest: Invalid extension permission: resource://pdf.js/
1578508009775	addons.webextension.screenshots@mozilla.org	WARN	Loading extension 'screenshots@mozilla.org': Reading manifest: Invalid extension permission: about:reader*

(firefox:1219): LIBDBUSMENU-GLIB-WARNING **: 18:26:54.323: Unable to get session bus: Failed to execute child process “dbus-launch” (No such file or directory)
1578508019547	Marionette	INFO	Listening on port 41005
1578508019683	Marionette	WARN	TLS certificate errors will be ignored for this session
1578508023249	Marionette	INFO	Stopped listening on port 41005
1578508777614	mozrunner::runner	INFO	Running command: "/usr/bin/firefox" "-marionette" "-foreground" "-no-remote" "-profile" "/tmp/rust_mozprofilehQ7DKc"
1578508779895	addons.webextension.screenshots@mozilla.org	WARN	Loading extension 'screenshots@mozilla.org': Reading manifest: Invalid extension permission: mozillaAddons
1578508779897	addons.webextension.screenshots@mozilla.org	WARN	Loading extension 'screenshots@mozilla.org': Reading manifest: Invalid extension permission: telemetry
1578508779898	addons.webextension.screenshots@mozilla.org	WARN	Loading extension 'screenshots@mozilla.org': Reading manifest: Invalid extension permission: resource://pdf.js/
1578508779898	addons.webextension.screenshots@mozilla.org	WARN	Loading extension 'screenshots@mozilla.org': Reading manifest: Invalid extension permission: about:reader*

(firefox:1373): LIBDBUSMENU-GLIB-WARNING **: 18:39:44.268: Unable to get session bus: Failed to execute child process “dbus-launch” (No such file or directory)
1578508789557	Marionette	INFO	Listening on port 35367
1578508789623	Marionette	WARN	TLS certificate errors will be ignored for this session
1578508793309	Marionette	INFO	Stopped listening on port 35367
1578726702956	mozrunner::runner	INFO	Running command: "/usr/bin/firefox" "-marionette" "-foreground" "-no-remote" "-profile" "/tmp/rust_mozprofileB5ZSDg"
Unable to init server: Could not connect: Connection refused
Error: cannot open display: :0
1578726751165	mozrunner::runner	INFO	Running command: "/usr/bin/firefox" "-marionette" "-foreground" "-no-remote" "-profile" "/tmp/rust_mozprofileAb5GAB"
Unable to init server: Could not connect: Connection refused
Error: cannot open display: :0
1578726793355	mozrunner::runner	INFO	Running command: "/usr/bin/firefox" "-marionette" "-foreground" "-no-remote" "-profile" "/tmp/rust_mozprofile7wj6PG"
Unable to init server: Could not connect: Connection refused
Error: cannot open display: :0
1578726828339	mozrunner::runner	INFO	Running command: "/usr/bin/firefox" "-marionette" "-foreground" "-no-remote" "-profile" "/tmp/rust_mozprofilemPrKj1"
1578726831156	addons.webextension.screenshots@mozilla.org	WARN	Loading extension 'screenshots@mozilla.org': Reading manifest: Invalid extension permission: mozillaAddons
1578726831157	addons.webextension.screenshots@mozilla.org	WARN	Loading extension 'screenshots@mozilla.org': Reading manifest: Invalid extension permission: telemetry
1578726831159	addons.webextension.screenshots@mozilla.org	WARN	Loading extension 'screenshots@mozilla.org': Reading manifest: Invalid extension permission: resource://pdf.js/
1578726831159	addons.webextension.screenshots@mozilla.org	WARN	Loading extension 'screenshots@mozilla.org': Reading manifest: Invalid extension permission: about:reader*

(firefox:86): LIBDBUSMENU-GLIB-WARNING **: 07:13:56.338: Unable to get session bus: Failed to execute child process “dbus-launch” (No such file or directory)
1578726842033	Marionette	INFO	Listening on port 34459
1578726842095	Marionette	WARN	TLS certificate errors will be ignored for this session
1578726846313	Marionette	INFO	Stopped listening on port 34459
1578727036595	mozrunner::runner	INFO	Running command: "/usr/bin/firefox" "-marionette" "-foreground" "-no-remote" "-profile" "/tmp/rust_mozprofileL30utE"
1578727038875	addons.webextension.screenshots@mozilla.org	WARN	Loading extension 'screenshots@mozilla.org': Reading manifest: Invalid extension permission: mozillaAddons
1578727038876	addons.webextension.screenshots@mozilla.org	WARN	Loading extension 'screenshots@mozilla.org': Reading manifest: Invalid extension permission: telemetry
1578727038877	addons.webextension.screenshots@mozilla.org	WARN	Loading extension 'screenshots@mozilla.org': Reading manifest: Invalid extension permission: resource://pdf.js/
1578727038878	addons.webextension.screenshots@mozilla.org	WARN	Loading extension 'screenshots@mozilla.org': Reading manifest: Invalid extension permission: about:reader*

(firefox:245): LIBDBUSMENU-GLIB-WARNING **: 07:17:23.349: Unable to get session bus: Failed to execute child process “dbus-launch” (No such file or directory)
1578727049672	Marionette	INFO	Listening on port 41289
1578727049781	Marionette	WARN	TLS certificate errors will be ignored for this session
1578727053321	Marionette	INFO	Stopped listening on port 41289
JavaScript error: resource://gre/modules/UrlClassifierListManager.jsm, line 680: TypeError: this.tablesData[table] is undefined
1578727148718	mozrunner::runner	INFO	Running command: "/usr/bin/firefox" "-marionette" "-foreground" "-no-remote" "-profile" "/tmp/rust_mozprofilez9hsbv"
1578727151008	addons.webextension.screenshots@mozilla.org	WARN	Loading extension 'screenshots@mozilla.org': Reading manifest: Invalid extension permission: mozillaAddons
1578727151009	addons.webextension.screenshots@mozilla.org	WARN	Loading extension 'screenshots@mozilla.org': Reading manifest: Invalid extension permission: telemetry
1578727151010	addons.webextension.screenshots@mozilla.org	WARN	Loading extension 'screenshots@mozilla.org': Reading manifest: Invalid extension permission: resource://pdf.js/
1578727151011	addons.webextension.screenshots@mozilla.org	WARN	Loading extension 'screenshots@mozilla.org': Reading manifest: Invalid extension permission: about:reader*

(firefox:405): LIBDBUSMENU-GLIB-WARNING **: 07:19:15.632: Unable to get session bus: Failed to execute child process “dbus-launch” (No such file or directory)
1578727160997	Marionette	INFO	Listening on port 44545
1578727161061	Marionette	WARN	TLS certificate errors will be ignored for this session
1578727164465	Marionette	INFO	Stopped listening on port 44545
JavaScript error: resource://gre/modules/UrlClassifierListManager.jsm, line 680: TypeError: this.tablesData[table] is undefined
